2025-07-29 08:45:00 [INFO] apscheduler.executors.default: Running job "run_task (trigger: cron[day_of_week='mon-fri', hour='8', minute='45,50,55'], next run at: 2025-07-29 08:50:00 +07)" (scheduled at 2025-07-29 08:45:00+07:00)
2025-07-29 08:45:00 [INFO] root: ===> run_task started (2025-07-29T08:45:00+07:00)
2025-07-29 08:45:00 [INFO] root: start run python3.10 /apps/vnstockdata/jobs/tasks/update_stock_price_5m.py
2025-07-29 08:45:00 [INFO] root: INFO:helper.update_git:[GitPusher] Pulling new change
2025-07-29 08:45:00 [INFO] root: INFO:helper.update_git:[GitPusher] Running: git pull (cwd=/apps/vnstockdata)
2025-07-29 08:45:04 [INFO] root: INFO:helper.update_git:[GitPusher] Pull successful.
2025-07-29 08:45:04 [INFO] root: INFO:download_data:--41I1F8000 2025-07-18----------
2025-07-29 08:45:04 [INFO] root: INFO:httpx:HTTP Request: POST https://trading.vietcap.com.vn/api/chart/OHLCChart/gap "HTTP/1.1 200 OK"
2025-07-29 08:45:04 [INFO] root: INFO:rest_api_interface:
2025-07-29 08:45:04 [INFO] root: +----+-----------+--------------+--------------+--------------+--------------+------+---------------------------+---------------------+--------------------+---------------------------+--------------+----------------------------------+
2025-07-29 08:45:04 [INFO] root: |    | symbol    |            o |            h |            l |            c |    v | t                         |   accumulatedVolume |   accumulatedValue | minBatchTruncTime         | stock_date   | snapshot_dttm                    |
2025-07-29 08:45:04 [INFO] root: |----+-----------+--------------+--------------+--------------+--------------+------+---------------------------+---------------------+--------------------+---------------------------+--------------+----------------------------------|
2025-07-29 08:45:04 [INFO] root: |  0 | 41I1F8000 | 1,632.000000 | 1,632.800000 | 1,631.300000 | 1,632.700000 | 3155 | 2025-07-18 09:00:00+07:00 |                3155 |     514,932.930000 | 2025-07-18 09:00:00+07:00 | 2025-07-18   | 2025-07-29 08:45:04.925603+07:00 |
2025-07-29 08:45:04 [INFO] root: |  1 | 41I1F8000 | 1,632.600000 | 1,633.500000 | 1,632.400000 | 1,633.400000 | 1952 | 2025-07-18 09:01:00+07:00 |                5107 |     833,690.230000 | 2025-07-18 09:00:00+07:00 | 2025-07-18   | 2025-07-29 08:45:04.925603+07:00 |
2025-07-29 08:45:04 [INFO] root: |  2 | 41I1F8000 | 1,633.300000 | 1,633.800000 | 1,633.000000 | 1,633.700000 | 1194 | 2025-07-18 09:02:00+07:00 |                6301 |   1,028,724.940000 | 2025-07-18 09:00:00+07:00 | 2025-07-18   | 2025-07-29 08:45:04.925603+07:00 |
2025-07-29 08:45:04 [INFO] root: +----+-----------+--------------+--------------+--------------+--------------+------+---------------------------+---------------------+--------------------+---------------------------+--------------+----------------------------------+
2025-07-29 08:45:04 [INFO] root: INFO:rest_api_interface:write to file output_path='data/VN30F/41I1F8000'
2025-07-29 08:45:04 [INFO] root: INFO:rest_api_interface:-------------------- FINISH 2025-07-18 --------------------
2025-07-29 08:45:04 [INFO] root: INFO:download_data:--41I1F8000 2025-07-21----------
2025-07-29 08:45:05 [INFO] root: INFO:httpx:HTTP Request: POST https://trading.vietcap.com.vn/api/chart/OHLCChart/gap "HTTP/1.1 200 OK"
2025-07-29 08:45:05 [INFO] root: INFO:rest_api_interface:
2025-07-29 08:45:05 [INFO] root: +----+-----------+--------------+--------------+--------------+--------------+------+---------------------------+---------------------+--------------------+---------------------------+--------------+----------------------------------+
2025-07-29 08:45:05 [INFO] root: |    | symbol    |            o |            h |            l |            c |    v | t                         |   accumulatedVolume |   accumulatedValue | minBatchTruncTime         | stock_date   | snapshot_dttm                    |
2025-07-29 08:45:05 [INFO] root: |----+-----------+--------------+--------------+--------------+--------------+------+---------------------------+---------------------+--------------------+---------------------------+--------------+----------------------------------|
2025-07-29 08:45:05 [INFO] root: |  0 | 41I1F8000 | 1,637.000000 | 1,644.000000 | 1,636.800000 | 1,641.300000 | 3752 | 2025-07-21 09:00:00+07:00 |                3752 |     614,945.150000 | 2025-07-21 09:00:00+07:00 | 2025-07-21   | 2025-07-29 08:45:05.428662+07:00 |
2025-07-29 08:45:05 [INFO] root: |  1 | 41I1F8000 | 1,641.700000 | 1,645.500000 | 1,641.700000 | 1,645.500000 | 2460 | 2025-07-21 09:01:00+07:00 |                6212 |   1,019,215.250000 | 2025-07-21 09:00:00+07:00 | 2025-07-21   | 2025-07-29 08:45:05.428662+07:00 |
2025-07-29 08:45:05 [INFO] root: |  2 | 41I1F8000 | 1,645.500000 | 1,648.000000 | 1,645.500000 | 1,646.100000 | 2802 | 2025-07-21 09:02:00+07:00 |                9014 |   1,480,678.550000 | 2025-07-21 09:00:00+07:00 | 2025-07-21   | 2025-07-29 08:45:05.428662+07:00 |
2025-07-29 08:45:05 [INFO] root: +----+-----------+--------------+--------------+--------------+--------------+------+---------------------------+---------------------+--------------------+---------------------------+--------------+----------------------------------+
2025-07-29 08:45:05 [INFO] root: INFO:rest_api_interface:write to file output_path='data/VN30F/41I1F8000'
2025-07-29 08:45:05 [INFO] root: INFO:rest_api_interface:-------------------- FINISH 2025-07-21 --------------------
2025-07-29 08:45:05 [INFO] root: INFO:download_data:--41I1F8000 2025-07-22----------
2025-07-29 08:45:05 [INFO] root: INFO:httpx:HTTP Request: POST https://trading.vietcap.com.vn/api/chart/OHLCChart/gap "HTTP/1.1 200 OK"
2025-07-29 08:45:05 [INFO] root: INFO:rest_api_interface:
2025-07-29 08:45:05 [INFO] root: +----+-----------+--------------+--------------+--------------+--------------+------+---------------------------+---------------------+--------------------+---------------------------+--------------+----------------------------------+
2025-07-29 08:45:05 [INFO] root: |    | symbol    |            o |            h |            l |            c |    v | t                         |   accumulatedVolume |   accumulatedValue | minBatchTruncTime         | stock_date   | snapshot_dttm                    |
2025-07-29 08:45:05 [INFO] root: |----+-----------+--------------+--------------+--------------+--------------+------+---------------------------+---------------------+--------------------+---------------------------+--------------+----------------------------------|
2025-07-29 08:45:05 [INFO] root: |  0 | 41I1F8000 | 1,620.600000 | 1,623.000000 | 1,620.300000 | 1,622.900000 | 3505 | 2025-07-22 09:00:00+07:00 |                3505 |     568,206.480000 | 2025-07-22 09:00:00+07:00 | 2025-07-22   | 2025-07-29 08:45:05.916663+07:00 |
2025-07-29 08:45:05 [INFO] root: |  1 | 41I1F8000 | 1,622.700000 | 1,622.900000 | 1,619.400000 | 1,619.900000 | 2296 | 2025-07-22 09:01:00+07:00 |                5801 |     940,394.650000 | 2025-07-22 09:00:00+07:00 | 2025-07-22   | 2025-07-29 08:45:05.916663+07:00 |
2025-07-29 08:45:05 [INFO] root: |  2 | 41I1F8000 | 1,620.000000 | 1,621.800000 | 1,619.900000 | 1,621.400000 |  712 | 2025-07-22 09:02:00+07:00 |                6513 |   1,055,785.120000 | 2025-07-22 09:00:00+07:00 | 2025-07-22   | 2025-07-29 08:45:05.916663+07:00 |
2025-07-29 08:45:05 [INFO] root: +----+-----------+--------------+--------------+--------------+--------------+------+---------------------------+---------------------+--------------------+---------------------------+--------------+----------------------------------+
2025-07-29 08:45:05 [INFO] root: INFO:rest_api_interface:write to file output_path='data/VN30F/41I1F8000'
2025-07-29 08:45:05 [INFO] root: INFO:rest_api_interface:-------------------- FINISH 2025-07-22 --------------------
2025-07-29 08:45:05 [INFO] root: INFO:download_data:--41I1F8000 2025-07-23----------
2025-07-29 08:45:06 [INFO] root: INFO:httpx:HTTP Request: POST https://trading.vietcap.com.vn/api/chart/OHLCChart/gap "HTTP/1.1 200 OK"
2025-07-29 08:45:06 [INFO] root: INFO:rest_api_interface:
2025-07-29 08:45:06 [INFO] root: +----+-----------+--------------+--------------+--------------+--------------+------+---------------------------+---------------------+--------------------+---------------------------+--------------+----------------------------------+
2025-07-29 08:45:06 [INFO] root: |    | symbol    |            o |            h |            l |            c |    v | t                         |   accumulatedVolume |   accumulatedValue | minBatchTruncTime         | stock_date   | snapshot_dttm                    |
2025-07-29 08:45:06 [INFO] root: |----+-----------+--------------+--------------+--------------+--------------+------+---------------------------+---------------------+--------------------+---------------------------+--------------+----------------------------------|
2025-07-29 08:45:06 [INFO] root: |  0 | 41I1F8000 | 1,661.000000 | 1,663.000000 | 1,660.500000 | 1,661.400000 | 4125 | 2025-07-23 09:00:00+07:00 |                4125 |     685,302.660000 | 2025-07-23 09:00:00+07:00 | 2025-07-23   | 2025-07-29 08:45:06.285843+07:00 |
2025-07-29 08:45:06 [INFO] root: |  1 | 41I1F8000 | 1,661.500000 | 1,662.800000 | 1,660.000000 | 1,660.200000 | 1715 | 2025-07-23 09:01:00+07:00 |                5840 |     970,302.970000 | 2025-07-23 09:00:00+07:00 | 2025-07-23   | 2025-07-29 08:45:06.285843+07:00 |
2025-07-29 08:45:06 [INFO] root: |  2 | 41I1F8000 | 1,660.200000 | 1,661.500000 | 1,659.600000 | 1,661.400000 | 1014 | 2025-07-23 09:02:00+07:00 |                6854 |   1,138,659.980000 | 2025-07-23 09:00:00+07:00 | 2025-07-23   | 2025-07-29 08:45:06.285843+07:00 |
2025-07-29 08:45:06 [INFO] root: +----+-----------+--------------+--------------+--------------+--------------+------+---------------------------+---------------------+--------------------+---------------------------+--------------+----------------------------------+
2025-07-29 08:45:06 [INFO] root: INFO:rest_api_interface:write to file output_path='data/VN30F/41I1F8000'
2025-07-29 08:45:06 [INFO] root: INFO:rest_api_interface:-------------------- FINISH 2025-07-23 --------------------
2025-07-29 08:45:06 [INFO] root: INFO:download_data:--41I1F8000 2025-07-24----------
2025-07-29 08:45:06 [INFO] root: INFO:httpx:HTTP Request: POST https://trading.vietcap.com.vn/api/chart/OHLCChart/gap "HTTP/1.1 200 OK"
2025-07-29 08:45:06 [INFO] root: INFO:rest_api_interface:
2025-07-29 08:45:06 [INFO] root: +----+-----------+--------------+--------------+--------------+--------------+------+---------------------------+---------------------+--------------------+---------------------------+--------------+----------------------------------+
2025-07-29 08:45:06 [INFO] root: |    | symbol    |            o |            h |            l |            c |    v | t                         |   accumulatedVolume |   accumulatedValue | minBatchTruncTime         | stock_date   | snapshot_dttm                    |
2025-07-29 08:45:06 [INFO] root: |----+-----------+--------------+--------------+--------------+--------------+------+---------------------------+---------------------+--------------------+---------------------------+--------------+----------------------------------|
2025-07-29 08:45:06 [INFO] root: |  0 | 41I1F8000 | 1,656.000000 | 1,657.700000 | 1,655.600000 | 1,656.300000 | 3054 | 2025-07-24 09:00:00+07:00 |                3054 |     505,894.140000 | 2025-07-24 09:00:00+07:00 | 2025-07-24   | 2025-07-29 08:45:06.622497+07:00 |
2025-07-29 08:45:06 [INFO] root: |  1 | 41I1F8000 | 1,656.300000 | 1,656.800000 | 1,655.000000 | 1,655.500000 | 1514 | 2025-07-24 09:01:00+07:00 |                4568 |     756,562.530000 | 2025-07-24 09:00:00+07:00 | 2025-07-24   | 2025-07-29 08:45:06.622497+07:00 |
2025-07-29 08:45:06 [INFO] root: |  2 | 41I1F8000 | 1,655.900000 | 1,656.200000 | 1,655.100000 | 1,656.100000 |  726 | 2025-07-24 09:02:00+07:00 |                5294 |     876,754.260000 | 2025-07-24 09:00:00+07:00 | 2025-07-24   | 2025-07-29 08:45:06.622497+07:00 |
2025-07-29 08:45:06 [INFO] root: +----+-----------+--------------+--------------+--------------+--------------+------+---------------------------+---------------------+--------------------+---------------------------+--------------+----------------------------------+
2025-07-29 08:45:06 [INFO] root: INFO:rest_api_interface:write to file output_path='data/VN30F/41I1F8000'
2025-07-29 08:45:06 [INFO] root: INFO:rest_api_interface:-------------------- FINISH 2025-07-24 --------------------
2025-07-29 08:45:06 [INFO] root: INFO:download_data:--41I1F8000 2025-07-25----------
2025-07-29 08:45:07 [INFO] root: INFO:httpx:HTTP Request: POST https://trading.vietcap.com.vn/api/chart/OHLCChart/gap "HTTP/1.1 200 OK"
2025-07-29 08:45:07 [INFO] root: INFO:rest_api_interface:
2025-07-29 08:45:07 [INFO] root: +----+-----------+--------------+--------------+--------------+--------------+------+---------------------------+---------------------+--------------------+---------------------------+--------------+----------------------------------+
2025-07-29 08:45:07 [INFO] root: |    | symbol    |            o |            h |            l |            c |    v | t                         |   accumulatedVolume |   accumulatedValue | minBatchTruncTime         | stock_date   | snapshot_dttm                    |
2025-07-29 08:45:07 [INFO] root: |----+-----------+--------------+--------------+--------------+--------------+------+---------------------------+---------------------+--------------------+---------------------------+--------------+----------------------------------|
2025-07-29 08:45:07 [INFO] root: |  0 | 41I1F8000 | 1,656.200000 | 1,656.400000 | 1,654.100000 | 1,654.500000 | 2475 | 2025-07-25 09:00:00+07:00 |                2475 |     409,789.120000 | 2025-07-25 09:00:00+07:00 | 2025-07-25   | 2025-07-29 08:45:07.036425+07:00 |
2025-07-29 08:45:07 [INFO] root: |  1 | 41I1F8000 | 1,654.500000 | 1,655.500000 | 1,654.500000 | 1,655.000000 |  643 | 2025-07-25 09:01:00+07:00 |                3118 |     516,217.650000 | 2025-07-25 09:00:00+07:00 | 2025-07-25   | 2025-07-29 08:45:07.036425+07:00 |
2025-07-29 08:45:07 [INFO] root: |  2 | 41I1F8000 | 1,655.000000 | 1,655.300000 | 1,654.200000 | 1,654.900000 |  490 | 2025-07-25 09:02:00+07:00 |                3608 |     597,303.890000 | 2025-07-25 09:00:00+07:00 | 2025-07-25   | 2025-07-29 08:45:07.036425+07:00 |
2025-07-29 08:45:07 [INFO] root: +----+-----------+--------------+--------------+--------------+--------------+------+---------------------------+---------------------+--------------------+---------------------------+--------------+----------------------------------+
2025-07-29 08:45:07 [INFO] root: INFO:rest_api_interface:write to file output_path='data/VN30F/41I1F8000'
2025-07-29 08:45:07 [INFO] root: INFO:rest_api_interface:-------------------- FINISH 2025-07-25 --------------------
2025-07-29 08:45:07 [INFO] root: INFO:download_data:--41I1F8000 2025-07-28----------
2025-07-29 08:45:07 [INFO] root: INFO:httpx:HTTP Request: POST https://trading.vietcap.com.vn/api/chart/OHLCChart/gap "HTTP/1.1 200 OK"
2025-07-29 08:45:07 [INFO] root: INFO:rest_api_interface:
2025-07-29 08:45:07 [INFO] root: +----+-----------+--------------+--------------+--------------+--------------+------+---------------------------+---------------------+--------------------+---------------------------+--------------+----------------------------------+
2025-07-29 08:45:07 [INFO] root: |    | symbol    |            o |            h |            l |            c |    v | t                         |   accumulatedVolume |   accumulatedValue | minBatchTruncTime         | stock_date   | snapshot_dttm                    |
2025-07-29 08:45:07 [INFO] root: |----+-----------+--------------+--------------+--------------+--------------+------+---------------------------+---------------------+--------------------+---------------------------+--------------+----------------------------------|
2025-07-29 08:45:07 [INFO] root: |  0 | 41I1F8000 | 1,675.800000 | 1,675.900000 | 1,674.000000 | 1,674.800000 | 2740 | 2025-07-28 09:00:00+07:00 |                2740 |     459,100.500000 | 2025-07-28 09:00:00+07:00 | 2025-07-28   | 2025-07-29 08:45:07.313165+07:00 |
2025-07-29 08:45:07 [INFO] root: |  1 | 41I1F8000 | 1,674.800000 | 1,675.100000 | 1,674.000000 | 1,674.800000 |  762 | 2025-07-28 09:01:00+07:00 |                3502 |     586,707.710000 | 2025-07-28 09:00:00+07:00 | 2025-07-28   | 2025-07-29 08:45:07.313165+07:00 |
2025-07-29 08:45:07 [INFO] root: |  2 | 41I1F8000 | 1,674.700000 | 1,675.400000 | 1,674.500000 | 1,674.600000 |  450 | 2025-07-28 09:02:00+07:00 |                3952 |     662,077.090000 | 2025-07-28 09:00:00+07:00 | 2025-07-28   | 2025-07-29 08:45:07.313165+07:00 |
2025-07-29 08:45:07 [INFO] root: +----+-----------+--------------+--------------+--------------+--------------+------+---------------------------+---------------------+--------------------+---------------------------+--------------+----------------------------------+
2025-07-29 08:45:07 [INFO] root: INFO:rest_api_interface:write to file output_path='data/VN30F/41I1F8000'
2025-07-29 08:45:07 [INFO] root: INFO:rest_api_interface:-------------------- FINISH 2025-07-28 --------------------
2025-07-29 08:45:07 [INFO] root: INFO:download_data:--41I1F8000 2025-07-29----------
2025-07-29 08:45:07 [INFO] root: INFO:httpx:HTTP Request: POST https://trading.vietcap.com.vn/api/chart/OHLCChart/gap "HTTP/1.1 200 OK"
2025-07-29 08:45:07 [INFO] root: INFO:download_data:--VN30 2025-07-29----------
2025-07-29 08:45:07 [INFO] root: INFO:httpx:HTTP Request: POST https://trading.vietcap.com.vn/api/chart/OHLCChart/gap "HTTP/1.1 200 OK"
2025-07-29 08:45:07 [INFO] root: INFO:helper.update_git:[GitPusher] Running: git status --porcelain (cwd=/apps/vnstockdata)
2025-07-29 08:45:07 [INFO] root: INFO:helper.update_git:[GitPusher] Detected uncommitted changes. Staging & committing...
2025-07-29 08:45:07 [INFO] root: INFO:helper.update_git:[GitPusher] Running: git add . (cwd=/apps/vnstockdata)
2025-07-29 08:45:07 [INFO] root: INFO:helper.update_git:[GitPusher] Running: date +%Y-%m-%dT%H:%M:%S (cwd=/apps/vnstockdata)
2025-07-29 08:45:07 [INFO] root: INFO:helper.update_git:[GitPusher] Running: git commit -m autocommit: maihoangviet @ 2025-07-29T08:45:07 (cwd=/apps/vnstockdata)
2025-07-29 08:45:07 [INFO] root: INFO:helper.update_git:[GitPusher] Local changes committed with message: autocommit: maihoangviet @ 2025-07-29T08:45:07
2025-07-29 08:45:07 [INFO] root: INFO:helper.update_git:[GitPusher] Pushing to origin/main
2025-07-29 08:45:07 [INFO] root: INFO:helper.update_git:[GitPusher] Running: git push origin main (cwd=/apps/vnstockdata)
2025-07-29 08:45:11 [INFO] root: INFO:helper.update_git:[GitPusher] Push successful.
2025-07-29 08:45:11 [INFO] root: Payload: {'timeFrame': 'ONE_MINUTE', 'symbols': ['41I1F8000'], 'from': 1752771600, 'to': 1752854400}
2025-07-29 08:45:11 [INFO] root: Payload: {'timeFrame': 'ONE_MINUTE', 'symbols': ['41I1F8000'], 'from': 1753030800, 'to': 1753113600}
2025-07-29 08:45:11 [INFO] root: Payload: {'timeFrame': 'ONE_MINUTE', 'symbols': ['41I1F8000'], 'from': 1753117200, 'to': 1753200000}
2025-07-29 08:45:11 [INFO] root: Payload: {'timeFrame': 'ONE_MINUTE', 'symbols': ['41I1F8000'], 'from': 1753203600, 'to': 1753286400}
2025-07-29 08:45:11 [INFO] root: Payload: {'timeFrame': 'ONE_MINUTE', 'symbols': ['41I1F8000'], 'from': 1753290000, 'to': 1753372800}
2025-07-29 08:45:11 [INFO] root: Payload: {'timeFrame': 'ONE_MINUTE', 'symbols': ['41I1F8000'], 'from': 1753376400, 'to': 1753459200}
2025-07-29 08:45:11 [INFO] root: Payload: {'timeFrame': 'ONE_MINUTE', 'symbols': ['41I1F8000'], 'from': 1753635600, 'to': 1753718400}
2025-07-29 08:45:11 [INFO] root: Payload: {'timeFrame': 'ONE_MINUTE', 'symbols': ['41I1F8000'], 'from': 1753722000, 'to': 1753804800}
2025-07-29 08:45:11 [INFO] root: Payload: {'timeFrame': 'ONE_MINUTE', 'symbols': ['VN30'], 'from': 1753722000, 'to': 1753804800}
2025-07-29 08:45:11 [INFO] root: run_task finished OK
2025-07-29 08:45:11 [INFO] apscheduler.executors.default: Job "run_task (trigger: cron[day_of_week='mon-fri', hour='8', minute='45,50,55'], next run at: 2025-07-29 08:50:00 +07)" executed successfully
2025-07-29 08:50:00 [INFO] apscheduler.executors.default: Running job "run_task (trigger: cron[day_of_week='mon-fri', hour='8', minute='45,50,55'], next run at: 2025-07-29 08:55:00 +07)" (scheduled at 2025-07-29 08:50:00+07:00)
2025-07-29 08:50:00 [INFO] root: ===> run_task started (2025-07-29T08:50:00+07:00)
2025-07-29 08:50:00 [INFO] root: start run python3.10 /apps/vnstockdata/jobs/tasks/update_stock_price_5m.py
2025-07-29 08:50:00 [INFO] root: INFO:helper.update_git:[GitPusher] Pulling new change
2025-07-29 08:50:00 [INFO] root: INFO:helper.update_git:[GitPusher] Running: git pull (cwd=/apps/vnstockdata)
2025-07-29 08:50:04 [INFO] root: INFO:helper.update_git:[GitPusher] Pull successful.
2025-07-29 08:50:04 [INFO] root: INFO:download_data:--41I1F8000 2025-07-18----------
2025-07-29 08:50:04 [INFO] root: INFO:httpx:HTTP Request: POST https://trading.vietcap.com.vn/api/chart/OHLCChart/gap "HTTP/1.1 200 OK"
2025-07-29 08:50:04 [INFO] root: INFO:rest_api_interface:
2025-07-29 08:50:04 [INFO] root: +----+-----------+--------------+--------------+--------------+--------------+------+---------------------------+---------------------+--------------------+---------------------------+--------------+----------------------------------+
2025-07-29 08:50:04 [INFO] root: |    | symbol    |            o |            h |            l |            c |    v | t                         |   accumulatedVolume |   accumulatedValue | minBatchTruncTime         | stock_date   | snapshot_dttm                    |
2025-07-29 08:50:04 [INFO] root: |----+-----------+--------------+--------------+--------------+--------------+------+---------------------------+---------------------+--------------------+---------------------------+--------------+----------------------------------|
2025-07-29 08:50:04 [INFO] root: |  0 | 41I1F8000 | 1,632.000000 | 1,632.800000 | 1,631.300000 | 1,632.700000 | 3155 | 2025-07-18 09:00:00+07:00 |                3155 |     514,932.930000 | 2025-07-18 09:00:00+07:00 | 2025-07-18   | 2025-07-29 08:50:04.837873+07:00 |
2025-07-29 08:50:04 [INFO] root: |  1 | 41I1F8000 | 1,632.600000 | 1,633.500000 | 1,632.400000 | 1,633.400000 | 1952 | 2025-07-18 09:01:00+07:00 |                5107 |     833,690.230000 | 2025-07-18 09:00:00+07:00 | 2025-07-18   | 2025-07-29 08:50:04.837873+07:00 |
2025-07-29 08:50:04 [INFO] root: |  2 | 41I1F8000 | 1,633.300000 | 1,633.800000 | 1,633.000000 | 1,633.700000 | 1194 | 2025-07-18 09:02:00+07:00 |                6301 |   1,028,724.940000 | 2025-07-18 09:00:00+07:00 | 2025-07-18   | 2025-07-29 08:50:04.837873+07:00 |
2025-07-29 08:50:04 [INFO] root: +----+-----------+--------------+--------------+--------------+--------------+------+---------------------------+---------------------+--------------------+---------------------------+--------------+----------------------------------+
2025-07-29 08:50:04 [INFO] root: INFO:rest_api_interface:write to file output_path='data/VN30F/41I1F8000'
2025-07-29 08:50:04 [INFO] root: INFO:rest_api_interface:-------------------- FINISH 2025-07-18 --------------------
2025-07-29 08:50:04 [INFO] root: INFO:download_data:--41I1F8000 2025-07-21----------
2025-07-29 08:50:05 [INFO] root: INFO:httpx:HTTP Request: POST https://trading.vietcap.com.vn/api/chart/OHLCChart/gap "HTTP/1.1 200 OK"
2025-07-29 08:50:05 [INFO] root: INFO:rest_api_interface:
2025-07-29 08:50:05 [INFO] root: +----+-----------+--------------+--------------+--------------+--------------+------+---------------------------+---------------------+--------------------+---------------------------+--------------+----------------------------------+
2025-07-29 08:50:05 [INFO] root: |    | symbol    |            o |            h |            l |            c |    v | t                         |   accumulatedVolume |   accumulatedValue | minBatchTruncTime         | stock_date   | snapshot_dttm                    |
2025-07-29 08:50:05 [INFO] root: |----+-----------+--------------+--------------+--------------+--------------+------+---------------------------+---------------------+--------------------+---------------------------+--------------+----------------------------------|
2025-07-29 08:50:05 [INFO] root: |  0 | 41I1F8000 | 1,637.000000 | 1,644.000000 | 1,636.800000 | 1,641.300000 | 3752 | 2025-07-21 09:00:00+07:00 |                3752 |     614,945.150000 | 2025-07-21 09:00:00+07:00 | 2025-07-21   | 2025-07-29 08:50:05.265206+07:00 |
2025-07-29 08:50:05 [INFO] root: |  1 | 41I1F8000 | 1,641.700000 | 1,645.500000 | 1,641.700000 | 1,645.500000 | 2460 | 2025-07-21 09:01:00+07:00 |                6212 |   1,019,215.250000 | 2025-07-21 09:00:00+07:00 | 2025-07-21   | 2025-07-29 08:50:05.265206+07:00 |
2025-07-29 08:50:05 [INFO] root: |  2 | 41I1F8000 | 1,645.500000 | 1,648.000000 | 1,645.500000 | 1,646.100000 | 2802 | 2025-07-21 09:02:00+07:00 |                9014 |   1,480,678.550000 | 2025-07-21 09:00:00+07:00 | 2025-07-21   | 2025-07-29 08:50:05.265206+07:00 |
2025-07-29 08:50:05 [INFO] root: +----+-----------+--------------+--------------+--------------+--------------+------+---------------------------+---------------------+--------------------+---------------------------+--------------+----------------------------------+
2025-07-29 08:50:05 [INFO] root: INFO:rest_api_interface:write to file output_path='data/VN30F/41I1F8000'
2025-07-29 08:50:05 [INFO] root: INFO:rest_api_interface:-------------------- FINISH 2025-07-21 --------------------
2025-07-29 08:50:05 [INFO] root: INFO:download_data:--41I1F8000 2025-07-22----------
2025-07-29 08:50:05 [INFO] root: INFO:httpx:HTTP Request: POST https://trading.vietcap.com.vn/api/chart/OHLCChart/gap "HTTP/1.1 200 OK"
2025-07-29 08:50:05 [INFO] root: INFO:rest_api_interface:
2025-07-29 08:50:05 [INFO] root: +----+-----------+--------------+--------------+--------------+--------------+------+---------------------------+---------------------+--------------------+---------------------------+--------------+----------------------------------+
2025-07-29 08:50:05 [INFO] root: |    | symbol    |            o |            h |            l |            c |    v | t                         |   accumulatedVolume |   accumulatedValue | minBatchTruncTime         | stock_date   | snapshot_dttm                    |
2025-07-29 08:50:05 [INFO] root: |----+-----------+--------------+--------------+--------------+--------------+------+---------------------------+---------------------+--------------------+---------------------------+--------------+----------------------------------|
2025-07-29 08:50:05 [INFO] root: |  0 | 41I1F8000 | 1,620.600000 | 1,623.000000 | 1,620.300000 | 1,622.900000 | 3505 | 2025-07-22 09:00:00+07:00 |                3505 |     568,206.480000 | 2025-07-22 09:00:00+07:00 | 2025-07-22   | 2025-07-29 08:50:05.701227+07:00 |
2025-07-29 08:50:05 [INFO] root: |  1 | 41I1F8000 | 1,622.700000 | 1,622.900000 | 1,619.400000 | 1,619.900000 | 2296 | 2025-07-22 09:01:00+07:00 |                5801 |     940,394.650000 | 2025-07-22 09:00:00+07:00 | 2025-07-22   | 2025-07-29 08:50:05.701227+07:00 |
2025-07-29 08:50:05 [INFO] root: |  2 | 41I1F8000 | 1,620.000000 | 1,621.800000 | 1,619.900000 | 1,621.400000 |  712 | 2025-07-22 09:02:00+07:00 |                6513 |   1,055,785.120000 | 2025-07-22 09:00:00+07:00 | 2025-07-22   | 2025-07-29 08:50:05.701227+07:00 |
2025-07-29 08:50:05 [INFO] root: +----+-----------+--------------+--------------+--------------+--------------+------+---------------------------+---------------------+--------------------+---------------------------+--------------+----------------------------------+
2025-07-29 08:50:05 [INFO] root: INFO:rest_api_interface:write to file output_path='data/VN30F/41I1F8000'
2025-07-29 08:50:05 [INFO] root: INFO:rest_api_interface:-------------------- FINISH 2025-07-22 --------------------
2025-07-29 08:50:05 [INFO] root: INFO:download_data:--41I1F8000 2025-07-23----------
2025-07-29 08:50:06 [INFO] root: INFO:httpx:HTTP Request: POST https://trading.vietcap.com.vn/api/chart/OHLCChart/gap "HTTP/1.1 200 OK"
2025-07-29 08:50:06 [INFO] root: INFO:rest_api_interface:
2025-07-29 08:50:06 [INFO] root: +----+-----------+--------------+--------------+--------------+--------------+------+---------------------------+---------------------+--------------------+---------------------------+--------------+----------------------------------+
2025-07-29 08:50:06 [INFO] root: |    | symbol    |            o |            h |            l |            c |    v | t                         |   accumulatedVolume |   accumulatedValue | minBatchTruncTime         | stock_date   | snapshot_dttm                    |
2025-07-29 08:50:06 [INFO] root: |----+-----------+--------------+--------------+--------------+--------------+------+---------------------------+---------------------+--------------------+---------------------------+--------------+----------------------------------|
2025-07-29 08:50:06 [INFO] root: |  0 | 41I1F8000 | 1,661.000000 | 1,663.000000 | 1,660.500000 | 1,661.400000 | 4125 | 2025-07-23 09:00:00+07:00 |                4125 |     685,302.660000 | 2025-07-23 09:00:00+07:00 | 2025-07-23   | 2025-07-29 08:50:06.139362+07:00 |
2025-07-29 08:50:06 [INFO] root: |  1 | 41I1F8000 | 1,661.500000 | 1,662.800000 | 1,660.000000 | 1,660.200000 | 1715 | 2025-07-23 09:01:00+07:00 |                5840 |     970,302.970000 | 2025-07-23 09:00:00+07:00 | 2025-07-23   | 2025-07-29 08:50:06.139362+07:00 |
2025-07-29 08:50:06 [INFO] root: |  2 | 41I1F8000 | 1,660.200000 | 1,661.500000 | 1,659.600000 | 1,661.400000 | 1014 | 2025-07-23 09:02:00+07:00 |                6854 |   1,138,659.980000 | 2025-07-23 09:00:00+07:00 | 2025-07-23   | 2025-07-29 08:50:06.139362+07:00 |
2025-07-29 08:50:06 [INFO] root: +----+-----------+--------------+--------------+--------------+--------------+------+---------------------------+---------------------+--------------------+---------------------------+--------------+----------------------------------+
2025-07-29 08:50:06 [INFO] root: INFO:rest_api_interface:write to file output_path='data/VN30F/41I1F8000'
2025-07-29 08:50:06 [INFO] root: INFO:rest_api_interface:-------------------- FINISH 2025-07-23 --------------------
2025-07-29 08:50:06 [INFO] root: INFO:download_data:--41I1F8000 2025-07-24----------
2025-07-29 08:50:06 [INFO] root: INFO:httpx:HTTP Request: POST https://trading.vietcap.com.vn/api/chart/OHLCChart/gap "HTTP/1.1 200 OK"
2025-07-29 08:50:06 [INFO] root: INFO:rest_api_interface:
2025-07-29 08:50:06 [INFO] root: +----+-----------+--------------+--------------+--------------+--------------+------+---------------------------+---------------------+--------------------+---------------------------+--------------+----------------------------------+
2025-07-29 08:50:06 [INFO] root: |    | symbol    |            o |            h |            l |            c |    v | t                         |   accumulatedVolume |   accumulatedValue | minBatchTruncTime         | stock_date   | snapshot_dttm                    |
2025-07-29 08:50:06 [INFO] root: |----+-----------+--------------+--------------+--------------+--------------+------+---------------------------+---------------------+--------------------+---------------------------+--------------+----------------------------------|
2025-07-29 08:50:06 [INFO] root: |  0 | 41I1F8000 | 1,656.000000 | 1,657.700000 | 1,655.600000 | 1,656.300000 | 3054 | 2025-07-24 09:00:00+07:00 |                3054 |     505,894.140000 | 2025-07-24 09:00:00+07:00 | 2025-07-24   | 2025-07-29 08:50:06.541754+07:00 |
2025-07-29 08:50:06 [INFO] root: |  1 | 41I1F8000 | 1,656.300000 | 1,656.800000 | 1,655.000000 | 1,655.500000 | 1514 | 2025-07-24 09:01:00+07:00 |                4568 |     756,562.530000 | 2025-07-24 09:00:00+07:00 | 2025-07-24   | 2025-07-29 08:50:06.541754+07:00 |
2025-07-29 08:50:06 [INFO] root: |  2 | 41I1F8000 | 1,655.900000 | 1,656.200000 | 1,655.100000 | 1,656.100000 |  726 | 2025-07-24 09:02:00+07:00 |                5294 |     876,754.260000 | 2025-07-24 09:00:00+07:00 | 2025-07-24   | 2025-07-29 08:50:06.541754+07:00 |
2025-07-29 08:50:06 [INFO] root: +----+-----------+--------------+--------------+--------------+--------------+------+---------------------------+---------------------+--------------------+---------------------------+--------------+----------------------------------+
2025-07-29 08:50:06 [INFO] root: INFO:rest_api_interface:write to file output_path='data/VN30F/41I1F8000'
2025-07-29 08:50:06 [INFO] root: INFO:rest_api_interface:-------------------- FINISH 2025-07-24 --------------------
2025-07-29 08:50:06 [INFO] root: INFO:download_data:--41I1F8000 2025-07-25----------
2025-07-29 08:50:06 [INFO] root: INFO:httpx:HTTP Request: POST https://trading.vietcap.com.vn/api/chart/OHLCChart/gap "HTTP/1.1 200 OK"
2025-07-29 08:50:07 [INFO] root: INFO:rest_api_interface:
2025-07-29 08:50:07 [INFO] root: +----+-----------+--------------+--------------+--------------+--------------+------+---------------------------+---------------------+--------------------+---------------------------+--------------+----------------------------------+
2025-07-29 08:50:07 [INFO] root: |    | symbol    |            o |            h |            l |            c |    v | t                         |   accumulatedVolume |   accumulatedValue | minBatchTruncTime         | stock_date   | snapshot_dttm                    |
2025-07-29 08:50:07 [INFO] root: |----+-----------+--------------+--------------+--------------+--------------+------+---------------------------+---------------------+--------------------+---------------------------+--------------+----------------------------------|
2025-07-29 08:50:07 [INFO] root: |  0 | 41I1F8000 | 1,656.200000 | 1,656.400000 | 1,654.100000 | 1,654.500000 | 2475 | 2025-07-25 09:00:00+07:00 |                2475 |     409,789.120000 | 2025-07-25 09:00:00+07:00 | 2025-07-25   | 2025-07-29 08:50:07.000897+07:00 |
2025-07-29 08:50:07 [INFO] root: |  1 | 41I1F8000 | 1,654.500000 | 1,655.500000 | 1,654.500000 | 1,655.000000 |  643 | 2025-07-25 09:01:00+07:00 |                3118 |     516,217.650000 | 2025-07-25 09:00:00+07:00 | 2025-07-25   | 2025-07-29 08:50:07.000897+07:00 |
2025-07-29 08:50:07 [INFO] root: |  2 | 41I1F8000 | 1,655.000000 | 1,655.300000 | 1,654.200000 | 1,654.900000 |  490 | 2025-07-25 09:02:00+07:00 |                3608 |     597,303.890000 | 2025-07-25 09:00:00+07:00 | 2025-07-25   | 2025-07-29 08:50:07.000897+07:00 |
2025-07-29 08:50:07 [INFO] root: +----+-----------+--------------+--------------+--------------+--------------+------+---------------------------+---------------------+--------------------+---------------------------+--------------+----------------------------------+
2025-07-29 08:50:07 [INFO] root: INFO:rest_api_interface:write to file output_path='data/VN30F/41I1F8000'
2025-07-29 08:50:07 [INFO] root: INFO:rest_api_interface:-------------------- FINISH 2025-07-25 --------------------
2025-07-29 08:50:07 [INFO] root: INFO:download_data:--41I1F8000 2025-07-28----------
2025-07-29 08:50:07 [INFO] root: INFO:httpx:HTTP Request: POST https://trading.vietcap.com.vn/api/chart/OHLCChart/gap "HTTP/1.1 200 OK"
2025-07-29 08:50:07 [INFO] root: INFO:rest_api_interface:
2025-07-29 08:50:07 [INFO] root: +----+-----------+--------------+--------------+--------------+--------------+------+---------------------------+---------------------+--------------------+---------------------------+--------------+----------------------------------+
2025-07-29 08:50:07 [INFO] root: |    | symbol    |            o |            h |            l |            c |    v | t                         |   accumulatedVolume |   accumulatedValue | minBatchTruncTime         | stock_date   | snapshot_dttm                    |
2025-07-29 08:50:07 [INFO] root: |----+-----------+--------------+--------------+--------------+--------------+------+---------------------------+---------------------+--------------------+---------------------------+--------------+----------------------------------|
2025-07-29 08:50:07 [INFO] root: |  0 | 41I1F8000 | 1,675.800000 | 1,675.900000 | 1,674.000000 | 1,674.800000 | 2740 | 2025-07-28 09:00:00+07:00 |                2740 |     459,100.500000 | 2025-07-28 09:00:00+07:00 | 2025-07-28   | 2025-07-29 08:50:07.431334+07:00 |
2025-07-29 08:50:07 [INFO] root: |  1 | 41I1F8000 | 1,674.800000 | 1,675.100000 | 1,674.000000 | 1,674.800000 |  762 | 2025-07-28 09:01:00+07:00 |                3502 |     586,707.710000 | 2025-07-28 09:00:00+07:00 | 2025-07-28   | 2025-07-29 08:50:07.431334+07:00 |
2025-07-29 08:50:07 [INFO] root: |  2 | 41I1F8000 | 1,674.700000 | 1,675.400000 | 1,674.500000 | 1,674.600000 |  450 | 2025-07-28 09:02:00+07:00 |                3952 |     662,077.090000 | 2025-07-28 09:00:00+07:00 | 2025-07-28   | 2025-07-29 08:50:07.431334+07:00 |
2025-07-29 08:50:07 [INFO] root: +----+-----------+--------------+--------------+--------------+--------------+------+---------------------------+---------------------+--------------------+---------------------------+--------------+----------------------------------+
2025-07-29 08:50:07 [INFO] root: INFO:rest_api_interface:write to file output_path='data/VN30F/41I1F8000'
2025-07-29 08:50:07 [INFO] root: INFO:rest_api_interface:-------------------- FINISH 2025-07-28 --------------------
2025-07-29 08:50:07 [INFO] root: INFO:download_data:--41I1F8000 2025-07-29----------
2025-07-29 08:50:07 [INFO] root: INFO:httpx:HTTP Request: POST https://trading.vietcap.com.vn/api/chart/OHLCChart/gap "HTTP/1.1 200 OK"
2025-07-29 08:50:07 [INFO] root: INFO:download_data:--VN30 2025-07-29----------
2025-07-29 08:50:08 [INFO] root: INFO:httpx:HTTP Request: POST https://trading.vietcap.com.vn/api/chart/OHLCChart/gap "HTTP/1.1 200 OK"
2025-07-29 08:50:08 [INFO] root: INFO:helper.update_git:[GitPusher] Running: git status --porcelain (cwd=/apps/vnstockdata)
2025-07-29 08:50:08 [INFO] root: INFO:helper.update_git:[GitPusher] Detected uncommitted changes. Staging & committing...
2025-07-29 08:50:08 [INFO] root: INFO:helper.update_git:[GitPusher] Running: git add . (cwd=/apps/vnstockdata)
2025-07-29 08:50:08 [INFO] root: INFO:helper.update_git:[GitPusher] Running: date +%Y-%m-%dT%H:%M:%S (cwd=/apps/vnstockdata)
2025-07-29 08:50:08 [INFO] root: INFO:helper.update_git:[GitPusher] Running: git commit -m autocommit: maihoangviet @ 2025-07-29T08:50:08 (cwd=/apps/vnstockdata)
2025-07-29 08:50:08 [INFO] root: INFO:helper.update_git:[GitPusher] Local changes committed with message: autocommit: maihoangviet @ 2025-07-29T08:50:08
2025-07-29 08:50:08 [INFO] root: INFO:helper.update_git:[GitPusher] Pushing to origin/main
2025-07-29 08:50:08 [INFO] root: INFO:helper.update_git:[GitPusher] Running: git push origin main (cwd=/apps/vnstockdata)
2025-07-29 08:50:11 [INFO] root: INFO:helper.update_git:[GitPusher] Push successful.
2025-07-29 08:50:11 [INFO] root: Payload: {'timeFrame': 'ONE_MINUTE', 'symbols': ['41I1F8000'], 'from': 1752771600, 'to': 1752854400}
2025-07-29 08:50:11 [INFO] root: Payload: {'timeFrame': 'ONE_MINUTE', 'symbols': ['41I1F8000'], 'from': 1753030800, 'to': 1753113600}
2025-07-29 08:50:11 [INFO] root: Payload: {'timeFrame': 'ONE_MINUTE', 'symbols': ['41I1F8000'], 'from': 1753117200, 'to': 1753200000}
2025-07-29 08:50:11 [INFO] root: Payload: {'timeFrame': 'ONE_MINUTE', 'symbols': ['41I1F8000'], 'from': 1753203600, 'to': 1753286400}
2025-07-29 08:50:11 [INFO] root: Payload: {'timeFrame': 'ONE_MINUTE', 'symbols': ['41I1F8000'], 'from': 1753290000, 'to': 1753372800}
2025-07-29 08:50:11 [INFO] root: Payload: {'timeFrame': 'ONE_MINUTE', 'symbols': ['41I1F8000'], 'from': 1753376400, 'to': 1753459200}
2025-07-29 08:50:11 [INFO] root: Payload: {'timeFrame': 'ONE_MINUTE', 'symbols': ['41I1F8000'], 'from': 1753635600, 'to': 1753718400}
2025-07-29 08:50:11 [INFO] root: Payload: {'timeFrame': 'ONE_MINUTE', 'symbols': ['41I1F8000'], 'from': 1753722000, 'to': 1753804800}
2025-07-29 08:50:11 [INFO] root: Payload: {'timeFrame': 'ONE_MINUTE', 'symbols': ['VN30'], 'from': 1753722000, 'to': 1753804800}
2025-07-29 08:50:11 [INFO] root: run_task finished OK
2025-07-29 08:50:11 [INFO] apscheduler.executors.default: Job "run_task (trigger: cron[day_of_week='mon-fri', hour='8', minute='45,50,55'], next run at: 2025-07-29 08:55:00 +07)" executed successfully
2025-07-29 08:55:00 [INFO] apscheduler.executors.default: Running job "run_task (trigger: cron[day_of_week='mon-fri', hour='8', minute='45,50,55'], next run at: 2025-07-30 08:45:00 +07)" (scheduled at 2025-07-29 08:55:00+07:00)
2025-07-29 08:55:00 [INFO] root: ===> run_task started (2025-07-29T08:55:00+07:00)
2025-07-29 08:55:00 [INFO] root: start run python3.10 /apps/vnstockdata/jobs/tasks/update_stock_price_5m.py
2025-07-29 08:55:00 [INFO] root: INFO:helper.update_git:[GitPusher] Pulling new change
2025-07-29 08:55:00 [INFO] root: INFO:helper.update_git:[GitPusher] Running: git pull (cwd=/apps/vnstockdata)
2025-07-29 08:55:04 [INFO] root: INFO:helper.update_git:[GitPusher] Pull successful.
2025-07-29 08:55:04 [INFO] root: INFO:download_data:--41I1F8000 2025-07-18----------
2025-07-29 08:55:04 [INFO] root: INFO:httpx:HTTP Request: POST https://trading.vietcap.com.vn/api/chart/OHLCChart/gap "HTTP/1.1 200 OK"
2025-07-29 08:55:04 [INFO] root: INFO:rest_api_interface:
2025-07-29 08:55:04 [INFO] root: +----+-----------+--------------+--------------+--------------+--------------+------+---------------------------+---------------------+--------------------+---------------------------+--------------+----------------------------------+
2025-07-29 08:55:04 [INFO] root: |    | symbol    |            o |            h |            l |            c |    v | t                         |   accumulatedVolume |   accumulatedValue | minBatchTruncTime         | stock_date   | snapshot_dttm                    |
2025-07-29 08:55:04 [INFO] root: |----+-----------+--------------+--------------+--------------+--------------+------+---------------------------+---------------------+--------------------+---------------------------+--------------+----------------------------------|
2025-07-29 08:55:04 [INFO] root: |  0 | 41I1F8000 | 1,632.000000 | 1,632.800000 | 1,631.300000 | 1,632.700000 | 3155 | 2025-07-18 09:00:00+07:00 |                3155 |     514,932.930000 | 2025-07-18 09:00:00+07:00 | 2025-07-18   | 2025-07-29 08:55:04.786229+07:00 |
2025-07-29 08:55:04 [INFO] root: |  1 | 41I1F8000 | 1,632.600000 | 1,633.500000 | 1,632.400000 | 1,633.400000 | 1952 | 2025-07-18 09:01:00+07:00 |                5107 |     833,690.230000 | 2025-07-18 09:00:00+07:00 | 2025-07-18   | 2025-07-29 08:55:04.786229+07:00 |
2025-07-29 08:55:04 [INFO] root: |  2 | 41I1F8000 | 1,633.300000 | 1,633.800000 | 1,633.000000 | 1,633.700000 | 1194 | 2025-07-18 09:02:00+07:00 |                6301 |   1,028,724.940000 | 2025-07-18 09:00:00+07:00 | 2025-07-18   | 2025-07-29 08:55:04.786229+07:00 |
2025-07-29 08:55:04 [INFO] root: +----+-----------+--------------+--------------+--------------+--------------+------+---------------------------+---------------------+--------------------+---------------------------+--------------+----------------------------------+
2025-07-29 08:55:04 [INFO] root: INFO:rest_api_interface:write to file output_path='data/VN30F/41I1F8000'
2025-07-29 08:55:04 [INFO] root: INFO:rest_api_interface:-------------------- FINISH 2025-07-18 --------------------
2025-07-29 08:55:04 [INFO] root: INFO:download_data:--41I1F8000 2025-07-21----------
2025-07-29 08:55:05 [INFO] root: INFO:httpx:HTTP Request: POST https://trading.vietcap.com.vn/api/chart/OHLCChart/gap "HTTP/1.1 200 OK"
2025-07-29 08:55:05 [INFO] root: INFO:rest_api_interface:
2025-07-29 08:55:05 [INFO] root: +----+-----------+--------------+--------------+--------------+--------------+------+---------------------------+---------------------+--------------------+---------------------------+--------------+----------------------------------+
2025-07-29 08:55:05 [INFO] root: |    | symbol    |            o |            h |            l |            c |    v | t                         |   accumulatedVolume |   accumulatedValue | minBatchTruncTime         | stock_date   | snapshot_dttm                    |
2025-07-29 08:55:05 [INFO] root: |----+-----------+--------------+--------------+--------------+--------------+------+---------------------------+---------------------+--------------------+---------------------------+--------------+----------------------------------|
2025-07-29 08:55:05 [INFO] root: |  0 | 41I1F8000 | 1,637.000000 | 1,644.000000 | 1,636.800000 | 1,641.300000 | 3752 | 2025-07-21 09:00:00+07:00 |                3752 |     614,945.150000 | 2025-07-21 09:00:00+07:00 | 2025-07-21   | 2025-07-29 08:55:05.242552+07:00 |
2025-07-29 08:55:05 [INFO] root: |  1 | 41I1F8000 | 1,641.700000 | 1,645.500000 | 1,641.700000 | 1,645.500000 | 2460 | 2025-07-21 09:01:00+07:00 |                6212 |   1,019,215.250000 | 2025-07-21 09:00:00+07:00 | 2025-07-21   | 2025-07-29 08:55:05.242552+07:00 |
2025-07-29 08:55:05 [INFO] root: |  2 | 41I1F8000 | 1,645.500000 | 1,648.000000 | 1,645.500000 | 1,646.100000 | 2802 | 2025-07-21 09:02:00+07:00 |                9014 |   1,480,678.550000 | 2025-07-21 09:00:00+07:00 | 2025-07-21   | 2025-07-29 08:55:05.242552+07:00 |
2025-07-29 08:55:05 [INFO] root: +----+-----------+--------------+--------------+--------------+--------------+------+---------------------------+---------------------+--------------------+---------------------------+--------------+----------------------------------+
2025-07-29 08:55:05 [INFO] root: INFO:rest_api_interface:write to file output_path='data/VN30F/41I1F8000'
2025-07-29 08:55:05 [INFO] root: INFO:rest_api_interface:-------------------- FINISH 2025-07-21 --------------------
2025-07-29 08:55:05 [INFO] root: INFO:download_data:--41I1F8000 2025-07-22----------
2025-07-29 08:55:05 [INFO] root: INFO:httpx:HTTP Request: POST https://trading.vietcap.com.vn/api/chart/OHLCChart/gap "HTTP/1.1 200 OK"
2025-07-29 08:55:05 [INFO] root: INFO:rest_api_interface:
2025-07-29 08:55:05 [INFO] root: +----+-----------+--------------+--------------+--------------+--------------+------+---------------------------+---------------------+--------------------+---------------------------+--------------+----------------------------------+
2025-07-29 08:55:05 [INFO] root: |    | symbol    |            o |            h |            l |            c |    v | t                         |   accumulatedVolume |   accumulatedValue | minBatchTruncTime         | stock_date   | snapshot_dttm                    |
2025-07-29 08:55:05 [INFO] root: |----+-----------+--------------+--------------+--------------+--------------+------+---------------------------+---------------------+--------------------+---------------------------+--------------+----------------------------------|
2025-07-29 08:55:05 [INFO] root: |  0 | 41I1F8000 | 1,620.600000 | 1,623.000000 | 1,620.300000 | 1,622.900000 | 3505 | 2025-07-22 09:00:00+07:00 |                3505 |     568,206.480000 | 2025-07-22 09:00:00+07:00 | 2025-07-22   | 2025-07-29 08:55:05.672349+07:00 |
2025-07-29 08:55:05 [INFO] root: |  1 | 41I1F8000 | 1,622.700000 | 1,622.900000 | 1,619.400000 | 1,619.900000 | 2296 | 2025-07-22 09:01:00+07:00 |                5801 |     940,394.650000 | 2025-07-22 09:00:00+07:00 | 2025-07-22   | 2025-07-29 08:55:05.672349+07:00 |
2025-07-29 08:55:05 [INFO] root: |  2 | 41I1F8000 | 1,620.000000 | 1,621.800000 | 1,619.900000 | 1,621.400000 |  712 | 2025-07-22 09:02:00+07:00 |                6513 |   1,055,785.120000 | 2025-07-22 09:00:00+07:00 | 2025-07-22   | 2025-07-29 08:55:05.672349+07:00 |
2025-07-29 08:55:05 [INFO] root: +----+-----------+--------------+--------------+--------------+--------------+------+---------------------------+---------------------+--------------------+---------------------------+--------------+----------------------------------+
2025-07-29 08:55:05 [INFO] root: INFO:rest_api_interface:write to file output_path='data/VN30F/41I1F8000'
2025-07-29 08:55:05 [INFO] root: INFO:rest_api_interface:-------------------- FINISH 2025-07-22 --------------------
2025-07-29 08:55:05 [INFO] root: INFO:download_data:--41I1F8000 2025-07-23----------
2025-07-29 08:55:06 [INFO] root: INFO:httpx:HTTP Request: POST https://trading.vietcap.com.vn/api/chart/OHLCChart/gap "HTTP/1.1 200 OK"
2025-07-29 08:55:06 [INFO] root: INFO:rest_api_interface:
2025-07-29 08:55:06 [INFO] root: +----+-----------+--------------+--------------+--------------+--------------+------+---------------------------+---------------------+--------------------+---------------------------+--------------+----------------------------------+
2025-07-29 08:55:06 [INFO] root: |    | symbol    |            o |            h |            l |            c |    v | t                         |   accumulatedVolume |   accumulatedValue | minBatchTruncTime         | stock_date   | snapshot_dttm                    |
2025-07-29 08:55:06 [INFO] root: |----+-----------+--------------+--------------+--------------+--------------+------+---------------------------+---------------------+--------------------+---------------------------+--------------+----------------------------------|
2025-07-29 08:55:06 [INFO] root: |  0 | 41I1F8000 | 1,661.000000 | 1,663.000000 | 1,660.500000 | 1,661.400000 | 4125 | 2025-07-23 09:00:00+07:00 |                4125 |     685,302.660000 | 2025-07-23 09:00:00+07:00 | 2025-07-23   | 2025-07-29 08:55:06.158291+07:00 |
2025-07-29 08:55:06 [INFO] root: |  1 | 41I1F8000 | 1,661.500000 | 1,662.800000 | 1,660.000000 | 1,660.200000 | 1715 | 2025-07-23 09:01:00+07:00 |                5840 |     970,302.970000 | 2025-07-23 09:00:00+07:00 | 2025-07-23   | 2025-07-29 08:55:06.158291+07:00 |
2025-07-29 08:55:06 [INFO] root: |  2 | 41I1F8000 | 1,660.200000 | 1,661.500000 | 1,659.600000 | 1,661.400000 | 1014 | 2025-07-23 09:02:00+07:00 |                6854 |   1,138,659.980000 | 2025-07-23 09:00:00+07:00 | 2025-07-23   | 2025-07-29 08:55:06.158291+07:00 |
2025-07-29 08:55:06 [INFO] root: +----+-----------+--------------+--------------+--------------+--------------+------+---------------------------+---------------------+--------------------+---------------------------+--------------+----------------------------------+
2025-07-29 08:55:06 [INFO] root: INFO:rest_api_interface:write to file output_path='data/VN30F/41I1F8000'
2025-07-29 08:55:06 [INFO] root: INFO:rest_api_interface:-------------------- FINISH 2025-07-23 --------------------
2025-07-29 08:55:06 [INFO] root: INFO:download_data:--41I1F8000 2025-07-24----------
2025-07-29 08:55:06 [INFO] root: INFO:httpx:HTTP Request: POST https://trading.vietcap.com.vn/api/chart/OHLCChart/gap "HTTP/1.1 200 OK"
2025-07-29 08:55:06 [INFO] root: INFO:rest_api_interface:
2025-07-29 08:55:06 [INFO] root: +----+-----------+--------------+--------------+--------------+--------------+------+---------------------------+---------------------+--------------------+---------------------------+--------------+----------------------------------+
2025-07-29 08:55:06 [INFO] root: |    | symbol    |            o |            h |            l |            c |    v | t                         |   accumulatedVolume |   accumulatedValue | minBatchTruncTime         | stock_date   | snapshot_dttm                    |
2025-07-29 08:55:06 [INFO] root: |----+-----------+--------------+--------------+--------------+--------------+------+---------------------------+---------------------+--------------------+---------------------------+--------------+----------------------------------|
2025-07-29 08:55:06 [INFO] root: |  0 | 41I1F8000 | 1,656.000000 | 1,657.700000 | 1,655.600000 | 1,656.300000 | 3054 | 2025-07-24 09:00:00+07:00 |                3054 |     505,894.140000 | 2025-07-24 09:00:00+07:00 | 2025-07-24   | 2025-07-29 08:55:06.568809+07:00 |
2025-07-29 08:55:06 [INFO] root: |  1 | 41I1F8000 | 1,656.300000 | 1,656.800000 | 1,655.000000 | 1,655.500000 | 1514 | 2025-07-24 09:01:00+07:00 |                4568 |     756,562.530000 | 2025-07-24 09:00:00+07:00 | 2025-07-24   | 2025-07-29 08:55:06.568809+07:00 |
2025-07-29 08:55:06 [INFO] root: |  2 | 41I1F8000 | 1,655.900000 | 1,656.200000 | 1,655.100000 | 1,656.100000 |  726 | 2025-07-24 09:02:00+07:00 |                5294 |     876,754.260000 | 2025-07-24 09:00:00+07:00 | 2025-07-24   | 2025-07-29 08:55:06.568809+07:00 |
2025-07-29 08:55:06 [INFO] root: +----+-----------+--------------+--------------+--------------+--------------+------+---------------------------+---------------------+--------------------+---------------------------+--------------+----------------------------------+
2025-07-29 08:55:06 [INFO] root: INFO:rest_api_interface:write to file output_path='data/VN30F/41I1F8000'
2025-07-29 08:55:06 [INFO] root: INFO:rest_api_interface:-------------------- FINISH 2025-07-24 --------------------
2025-07-29 08:55:06 [INFO] root: INFO:download_data:--41I1F8000 2025-07-25----------
2025-07-29 08:55:06 [INFO] root: INFO:httpx:HTTP Request: POST https://trading.vietcap.com.vn/api/chart/OHLCChart/gap "HTTP/1.1 200 OK"
2025-07-29 08:55:06 [INFO] root: INFO:rest_api_interface:
2025-07-29 08:55:06 [INFO] root: +----+-----------+--------------+--------------+--------------+--------------+------+---------------------------+---------------------+--------------------+---------------------------+--------------+----------------------------------+
2025-07-29 08:55:06 [INFO] root: |    | symbol    |            o |            h |            l |            c |    v | t                         |   accumulatedVolume |   accumulatedValue | minBatchTruncTime         | stock_date   | snapshot_dttm                    |
2025-07-29 08:55:06 [INFO] root: |----+-----------+--------------+--------------+--------------+--------------+------+---------------------------+---------------------+--------------------+---------------------------+--------------+----------------------------------|
2025-07-29 08:55:06 [INFO] root: |  0 | 41I1F8000 | 1,656.200000 | 1,656.400000 | 1,654.100000 | 1,654.500000 | 2475 | 2025-07-25 09:00:00+07:00 |                2475 |     409,789.120000 | 2025-07-25 09:00:00+07:00 | 2025-07-25   | 2025-07-29 08:55:06.969427+07:00 |
2025-07-29 08:55:06 [INFO] root: |  1 | 41I1F8000 | 1,654.500000 | 1,655.500000 | 1,654.500000 | 1,655.000000 |  643 | 2025-07-25 09:01:00+07:00 |                3118 |     516,217.650000 | 2025-07-25 09:00:00+07:00 | 2025-07-25   | 2025-07-29 08:55:06.969427+07:00 |
2025-07-29 08:55:06 [INFO] root: |  2 | 41I1F8000 | 1,655.000000 | 1,655.300000 | 1,654.200000 | 1,654.900000 |  490 | 2025-07-25 09:02:00+07:00 |                3608 |     597,303.890000 | 2025-07-25 09:00:00+07:00 | 2025-07-25   | 2025-07-29 08:55:06.969427+07:00 |
2025-07-29 08:55:06 [INFO] root: +----+-----------+--------------+--------------+--------------+--------------+------+---------------------------+---------------------+--------------------+---------------------------+--------------+----------------------------------+
2025-07-29 08:55:06 [INFO] root: INFO:rest_api_interface:write to file output_path='data/VN30F/41I1F8000'
2025-07-29 08:55:06 [INFO] root: INFO:rest_api_interface:-------------------- FINISH 2025-07-25 --------------------
2025-07-29 08:55:06 [INFO] root: INFO:download_data:--41I1F8000 2025-07-28----------
2025-07-29 08:55:07 [INFO] root: INFO:httpx:HTTP Request: POST https://trading.vietcap.com.vn/api/chart/OHLCChart/gap "HTTP/1.1 200 OK"
2025-07-29 08:55:07 [INFO] root: INFO:rest_api_interface:
2025-07-29 08:55:07 [INFO] root: +----+-----------+--------------+--------------+--------------+--------------+------+---------------------------+---------------------+--------------------+---------------------------+--------------+----------------------------------+
2025-07-29 08:55:07 [INFO] root: |    | symbol    |            o |            h |            l |            c |    v | t                         |   accumulatedVolume |   accumulatedValue | minBatchTruncTime         | stock_date   | snapshot_dttm                    |
2025-07-29 08:55:07 [INFO] root: |----+-----------+--------------+--------------+--------------+--------------+------+---------------------------+---------------------+--------------------+---------------------------+--------------+----------------------------------|
2025-07-29 08:55:07 [INFO] root: |  0 | 41I1F8000 | 1,675.800000 | 1,675.900000 | 1,674.000000 | 1,674.800000 | 2740 | 2025-07-28 09:00:00+07:00 |                2740 |     459,100.500000 | 2025-07-28 09:00:00+07:00 | 2025-07-28   | 2025-07-29 08:55:07.396687+07:00 |
2025-07-29 08:55:07 [INFO] root: |  1 | 41I1F8000 | 1,674.800000 | 1,675.100000 | 1,674.000000 | 1,674.800000 |  762 | 2025-07-28 09:01:00+07:00 |                3502 |     586,707.710000 | 2025-07-28 09:00:00+07:00 | 2025-07-28   | 2025-07-29 08:55:07.396687+07:00 |
2025-07-29 08:55:07 [INFO] root: |  2 | 41I1F8000 | 1,674.700000 | 1,675.400000 | 1,674.500000 | 1,674.600000 |  450 | 2025-07-28 09:02:00+07:00 |                3952 |     662,077.090000 | 2025-07-28 09:00:00+07:00 | 2025-07-28   | 2025-07-29 08:55:07.396687+07:00 |
2025-07-29 08:55:07 [INFO] root: +----+-----------+--------------+--------------+--------------+--------------+------+---------------------------+---------------------+--------------------+---------------------------+--------------+----------------------------------+
2025-07-29 08:55:07 [INFO] root: INFO:rest_api_interface:write to file output_path='data/VN30F/41I1F8000'
2025-07-29 08:55:07 [INFO] root: INFO:rest_api_interface:-------------------- FINISH 2025-07-28 --------------------
2025-07-29 08:55:07 [INFO] root: INFO:download_data:--41I1F8000 2025-07-29----------
2025-07-29 08:55:07 [INFO] root: INFO:httpx:HTTP Request: POST https://trading.vietcap.com.vn/api/chart/OHLCChart/gap "HTTP/1.1 200 OK"
2025-07-29 08:55:07 [INFO] root: INFO:download_data:--VN30 2025-07-29----------
2025-07-29 08:55:08 [INFO] root: INFO:httpx:HTTP Request: POST https://trading.vietcap.com.vn/api/chart/OHLCChart/gap "HTTP/1.1 200 OK"
2025-07-29 08:55:08 [INFO] root: INFO:helper.update_git:[GitPusher] Running: git status --porcelain (cwd=/apps/vnstockdata)
2025-07-29 08:55:08 [INFO] root: INFO:helper.update_git:[GitPusher] Detected uncommitted changes. Staging & committing...
2025-07-29 08:55:08 [INFO] root: INFO:helper.update_git:[GitPusher] Running: git add . (cwd=/apps/vnstockdata)
